{"/Users/mutombojean-vincent/Desktop/projects/todo-app-react/src/component/common/Input.js": {"path":"/Users/mutombojean-vincent/Desktop/projects/todo-app-react/src/component/common/Input.js","statementMap":{"0":{"start":{"line":9,"column":14},"end":{"line":18,"column":1}},"1":{"start":{"line":10,"column":2},"end":{"line":17,"column":4}},"2":{"start":{"line":20,"column":0},"end":{"line":27,"column":2}},"3":{"start":{"line":29,"column":0},"end":{"line":34,"column":2}}},"fnMap":{"0":{"name":"(anonymous_0)","decl":{"start":{"line":9,"column":14},"end":{"line":9,"column":15}},"loc":{"start":{"line":10,"column":2},"end":{"line":17,"column":4}},"line":10}},"branchMap":{},"s":{"0":1,"1":1,"2":1,"3":1},"f":{"0":1},"b":{},"_coverageSchema":"43e27e138ebf9cfc5966b082cf9a028302ed4184","hash":"ae9251341626f58782e30b6f40a3eab7662c30c5"}
}
