{"/Users/mutombojean-vincent/Desktop/projects/todo-app-react/src/component/common/Button.js": {"path":"/Users/mutombojean-vincent/Desktop/projects/todo-app-react/src/component/common/Button.js","statementMap":{"0":{"start":{"line":9,"column":15},"end":{"line":13,"column":1}},"1":{"start":{"line":10,"column":2},"end":{"line":12,"column":11}},"2":{"start":{"line":15,"column":0},"end":{"line":21,"column":2}},"3":{"start":{"line":23,"column":0},"end":{"line":30,"column":2}}},"fnMap":{"0":{"name":"(anonymous_0)","decl":{"start":{"line":9,"column":15},"end":{"line":9,"column":16}},"loc":{"start":{"line":10,"column":2},"end":{"line":12,"column":11}},"line":10},"1":{"name":"(anonymous_1)","decl":{"start":{"line":27,"column":11},"end":{"line":27,"column":12}},"loc":{"start":{"line":27,"column":17},"end":{"line":29,"column":3}},"line":27}},"branchMap":{},"s":{"0":1,"1":1,"2":1,"3":1},"f":{"0":1,"1":0},"b":{},"_coverageSchema":"43e27e138ebf9cfc5966b082cf9a028302ed4184","hash":"7e2dbbe1fdf4ce2df26adcafbd166ac1183b8132"}
,"/Users/mutombojean-vincent/Desktop/projects/todo-app-react/src/component/common/Input.js": {"path":"/Users/mutombojean-vincent/Desktop/projects/todo-app-react/src/component/common/Input.js","statementMap":{"0":{"start":{"line":9,"column":14},"end":{"line":18,"column":1}},"1":{"start":{"line":10,"column":2},"end":{"line":17,"column":4}},"2":{"start":{"line":20,"column":0},"end":{"line":27,"column":2}},"3":{"start":{"line":29,"column":0},"end":{"line":34,"column":2}}},"fnMap":{"0":{"name":"(anonymous_0)","decl":{"start":{"line":9,"column":14},"end":{"line":9,"column":15}},"loc":{"start":{"line":10,"column":2},"end":{"line":17,"column":4}},"line":10}},"branchMap":{},"s":{"0":1,"1":1,"2":1,"3":1},"f":{"0":1},"b":{},"_coverageSchema":"43e27e138ebf9cfc5966b082cf9a028302ed4184","hash":"ae9251341626f58782e30b6f40a3eab7662c30c5"}
}
