TN:
SF:/Users/mutombojean-vincent/Desktop/projects/todo-app-react/src/component/common/Button.js
FN:9,(anonymous_0)
FN:27,(anonymous_1)
FNF:2
FNH:1
FNDA:1,(anonymous_0)
FNDA:0,(anonymous_1)
DA:9,1
DA:10,1
DA:15,1
DA:23,1
LF:4
LH:4
BRF:0
BRH:0
end_of_record
TN:
SF:/Users/mutombojean-vincent/Desktop/projects/todo-app-react/src/component/common/Checkbox.js
FN:9,(anonymous_0)
FNF:1
FNH:1
FNDA:1,(anonymous_0)
DA:9,1
DA:10,1
DA:11,1
DA:19,1
DA:27,1
LF:5
LH:5
BRF:0
BRH:0
end_of_record
TN:
SF:/Users/mutombojean-vincent/Desktop/projects/todo-app-react/src/component/common/Input.js
FN:9,(anonymous_0)
FNF:1
FNH:1
FNDA:1,(anonymous_0)
DA:9,1
DA:10,1
DA:20,1
DA:29,1
LF:4
LH:4
BRF:0
BRH:0
end_of_record
